<?xml version="1.0" encoding="UTF-8"?>
<!-- Generated by org.testng.reporters.JUnitReportReporter -->
<testsuite skipped="0" hostname="DESKTOP-O0R880F" name="testcases.TC02_CheckGesters" tests="4" failures="0" timestamp="2023-02-25T18:50:55 AST" time="59.971" errors="0">
  <testcase name="checkWIFI" time="5.298" classname="testcases.TC02_CheckGesters"/>
  <system-out/>
  <testcase name="checkMobileData" time="5.775" classname="testcases.TC02_CheckGesters"/>
  <system-out/>
  <testcase name="checkDeviceLocation" time="43.887" classname="testcases.TC02_CheckGesters"/>
  <system-out/>
  <testcase name="checkBackground" time="5.011" classname="testcases.TC02_CheckGesters"/>
  <system-out/>
</testsuite> <!-- testcases.TC02_CheckGesters -->
