<?xml version="1.0" encoding="UTF-8"?>
<!-- Generated by org.testng.reporters.JUnitReportReporter -->
<testsuite skipped="0" hostname="DESKTOP-O0R880F" name="testcases.TC07_CheckBackground" tests="1" failures="0" timestamp="2023-02-25T21:09:51 AST" time="17.770" errors="0">
  <testcase name="checkBackground" time="17.770" classname="testcases.TC07_CheckBackground"/>
  <system-out/>
</testsuite> <!-- testcases.TC07_CheckBackground -->
