<?xml version="1.0" encoding="UTF-8"?>
<!-- Generated by org.testng.reporters.JUnitReportReporter -->
<testsuite skipped="0" hostname="DESKTOP-O0R880F" name="testcases.TC06_CheckDeviceLocation" tests="1" failures="0" timestamp="2023-02-25T19:17:08 AST" time="25.781" errors="0">
  <testcase name="checkDeviceLocation" time="25.781" classname="testcases.TC06_CheckDeviceLocation"/>
  <system-out/>
</testsuite> <!-- testcases.TC06_CheckDeviceLocation -->
