<?xml version="1.0" encoding="UTF-8"?>
<!-- Generated by org.testng.reporters.JUnitReportReporter -->
<testsuite skipped="0" hostname="DESKTOP-O0R880F" name="testcases.TC01_checksumeoperation" tests="1" failures="0" timestamp="2023-02-24T19:45:43 AST" time="23.882" errors="0">
  <testcase name="checksumoperation" time="23.882" classname="testcases.TC01_checksumeoperation"/>
  <system-out/>
</testsuite> <!-- testcases.TC01_checksumeoperation -->
