<?xml version="1.0" encoding="UTF-8"?>
<!-- Generated by org.testng.reporters.JUnitReportReporter -->
<testsuite skipped="0" hostname="DESKTOP-O0R880F" name="testcases.TC05_CheckBlutoth" tests="1" failures="0" timestamp="2023-02-25T19:21:45 AST" time="0.505" errors="1">
  <testcase name="checkBlutoth" time="0.505" classname="testcases.TC05_CheckBlutoth">
    <error type="org.openqa.selenium.WebDriverException" message="An unknown server-side error occurred while processing the command. Original error: Error executing adbExec. Original error: &#039;Command &#039;C:\\Users\\ACER\\AppData\\Local\\Android\\Sdk\\platform-tools\\adb.exe -P 5037 -s 0793915243010316 shell am broadcast -a android.intent.action.AIRPLANE_MODE --ez state true&#039; exited with code 255&#039;; Command output: 
Exception occurred while executing &#039;broadcast&#039;:
java.lang.SecurityException: Permission Denial: not allowed to send broadcast android.intent.action.AIRPLANE_MODE from pid=4864, uid=2000
	at com.android.server.am.ActivityManagerService.broadcastIntentLocked(ActivityManagerService.java:17837)
	at com.android.server.am.ActivityManagerService.broadcastIntentLocked(ActivityManagerService.java:17692)
	at com.android.server.am.ActivityManagerService.broadcastIntentWithFeature(ActivityManagerService.java:18570)
	at com.android.server.am.ActivityManagerShellCommand.runSendBroadcast(ActivityManagerShellCommand.java:808)
	at com.android.server.am.ActivityManagerShellCommand.onCommand(ActivityManagerShellCommand.java:203)
	at android.os.BasicShellCommandHandler.exec(BasicShellCommandHandler.java:119)
	at android.os.ShellCommand.exec(ShellCommand.java:44)
	at com.android.server.am.ActivityManagerService.onShellCommand(ActivityManagerService.java:11826)
	at android.os.Binder.shellCommand(Binder.java:932)
	at android.os.Binder.onTransact(Binder.java:816)
	at android.app.IActivityManager$Stub.onTransact(IActivityManager.java:5515)
	at com.android.server.am.ActivityManagerService.onTransact(ActivityManagerService.java:3223)
	at android.os.Binder.execTransactInternal(Binder.java:1174)
	at android.os.Binder.execTransact(Binder.java:1126)

Build info: version: &#039;3.141.59&#039;, revision: &#039;e82be7d358&#039;, time: &#039;2018-11-14T08:17:03&#039;
System info: host: &#039;DESKTOP-O0R880F&#039;, ip: &#039;192.168.1.104&#039;, os.name: &#039;Windows 10&#039;, os.arch: &#039;amd64&#039;, os.version: &#039;10.0&#039;, java.version: &#039;1.8.0_202&#039;
Driver info: io.appium.java_client.android.AndroidDriver
Capabilities {app: C:\appium_demos\automationc..., appPackage: com.example.new_sample, automationName: uiautomator2, databaseEnabled: false, desired: {app: C:\appium_demos\automationc..., automationName: uiautomator2, deviceName: TECNO BD4a, platformName: android}, deviceApiLevel: 30, deviceManufacturer: TECNO MOBILE LIMITED, deviceModel: TECNO BD4a, deviceName: 0793915243010316, deviceScreenDensity: 320, deviceScreenSize: 720x1600, deviceUDID: 0793915243010316, javascriptEnabled: true, locationContextEnabled: false, networkConnectionEnabled: true, pixelRatio: 2, platform: LINUX, platformName: Android, platformVersion: 11, statBarHeight: 72, takesScreenshot: true, viewportRect: {height: 1360, left: 0, top: 72, width: 720}, warnings: {}, webStorageEnabled: false}
Session ID: f5647344-7a62-443e-acb4-cd8d8ee0d2c9">
      <![CDATA[org.openqa.selenium.WebDriverException: An unknown server-side error occurred while processing the command. Original error: Error executing adbExec. Original error: 'Command 'C:\\Users\\ACER\\AppData\\Local\\Android\\Sdk\\platform-tools\\adb.exe -P 5037 -s 0793915243010316 shell am broadcast -a android.intent.action.AIRPLANE_MODE --ez state true' exited with code 255'; Command output: 
Exception occurred while executing 'broadcast':
java.lang.SecurityException: Permission Denial: not allowed to send broadcast android.intent.action.AIRPLANE_MODE from pid=4864, uid=2000
at com.android.server.am.ActivityManagerService.broadcastIntentLocked(ActivityManagerService.java:17837)
at com.android.server.am.ActivityManagerService.broadcastIntentLocked(ActivityManagerService.java:17692)
at com.android.server.am.ActivityManagerService.broadcastIntentWithFeature(ActivityManagerService.java:18570)
at com.android.server.am.ActivityManagerShellCommand.runSendBroadcast(ActivityManagerShellCommand.java:808)
at com.android.server.am.ActivityManagerShellCommand.onCommand(ActivityManagerShellCommand.java:203)
at android.os.BasicShellCommandHandler.exec(BasicShellCommandHandler.java:119)
at android.os.ShellCommand.exec(ShellCommand.java:44)
at com.android.server.am.ActivityManagerService.onShellCommand(ActivityManagerService.java:11826)
at android.os.Binder.shellCommand(Binder.java:932)
at android.os.Binder.onTransact(Binder.java:816)
at android.app.IActivityManager$Stub.onTransact(IActivityManager.java:5515)
at com.android.server.am.ActivityManagerService.onTransact(ActivityManagerService.java:3223)
at android.os.Binder.execTransactInternal(Binder.java:1174)
at android.os.Binder.execTransact(Binder.java:1126)

Build info: version: '3.141.59', revision: 'e82be7d358', time: '2018-11-14T08:17:03'
System info: host: 'DESKTOP-O0R880F', ip: '192.168.1.104', os.name: 'Windows 10', os.arch: 'amd64', os.version: '10.0', java.version: '1.8.0_202'
Driver info: io.appium.java_client.android.AndroidDriver
Capabilities {app: C:\appium_demos\automationc..., appPackage: com.example.new_sample, automationName: uiautomator2, databaseEnabled: false, desired: {app: C:\appium_demos\automationc..., automationName: uiautomator2, deviceName: TECNO BD4a, platformName: android}, deviceApiLevel: 30, deviceManufacturer: TECNO MOBILE LIMITED, deviceModel: TECNO BD4a, deviceName: 0793915243010316, deviceScreenDensity: 320, deviceScreenSize: 720x1600, deviceUDID: 0793915243010316, javascriptEnabled: true, locationContextEnabled: false, networkConnectionEnabled: true, pixelRatio: 2, platform: LINUX, platformName: Android, platformVersion: 11, statBarHeight: 72, takesScreenshot: true, viewportRect: {height: 1360, left: 0, top: 72, width: 720}, warnings: {}, webStorageEnabled: false}
Session ID: f5647344-7a62-443e-acb4-cd8d8ee0d2c9
at sun.reflect.NativeConstructorAccessorImpl.newInstance0(Native Method)
at sun.reflect.NativeConstructorAccessorImpl.newInstance(NativeConstructorAccessorImpl.java:62)
at sun.reflect.DelegatingConstructorAccessorImpl.newInstance(DelegatingConstructorAccessorImpl.java:45)
at java.lang.reflect.Constructor.newInstance(Constructor.java:423)
at org.openqa.selenium.remote.http.W3CHttpResponseCodec.createException(W3CHttpResponseCodec.java:187)
at org.openqa.selenium.remote.http.W3CHttpResponseCodec.decode(W3CHttpResponseCodec.java:122)
at org.openqa.selenium.remote.http.W3CHttpResponseCodec.decode(W3CHttpResponseCodec.java:49)
at org.openqa.selenium.remote.HttpCommandExecutor.execute(HttpCommandExecutor.java:158)
at io.appium.java_client.remote.AppiumCommandExecutor.execute(AppiumCommandExecutor.java:247)
at org.openqa.selenium.remote.RemoteWebDriver.execute(RemoteWebDriver.java:552)
at io.appium.java_client.DefaultGenericMobileDriver.execute(DefaultGenericMobileDriver.java:41)
at io.appium.java_client.AppiumDriver.execute(AppiumDriver.java:1)
at io.appium.java_client.android.AndroidDriver.execute(AndroidDriver.java:1)
at io.appium.java_client.CommandExecutionHelper.execute(CommandExecutionHelper.java:27)
at io.appium.java_client.android.SupportsNetworkStateManagement.toggleAirplaneMode(SupportsNetworkStateManagement.java:24)
at testcases.TC05_CheckBlutoth.checkBlutoth(TC05_CheckBlutoth.java:10)
at sun.reflect.NativeMethodAccessorImpl.invoke0(Native Method)
at sun.reflect.NativeMethodAccessorImpl.invoke(NativeMethodAccessorImpl.java:62)
at sun.reflect.DelegatingMethodAccessorImpl.invoke(DelegatingMethodAccessorImpl.java:43)
at java.lang.reflect.Method.invoke(Method.java:498)
at org.testng.internal.MethodInvocationHelper.invokeMethod(MethodInvocationHelper.java:133)
at org.testng.internal.TestInvoker.invokeMethod(TestInvoker.java:598)
at org.testng.internal.TestInvoker.invokeTestMethod(TestInvoker.java:173)
at org.testng.internal.MethodRunner.runInSequence(MethodRunner.java:46)
at org.testng.internal.TestInvoker$MethodInvocationAgent.invoke(TestInvoker.java:824)
at org.testng.internal.TestInvoker.invokeTestMethods(TestInvoker.java:146)
at org.testng.internal.TestMethodWorker.invokeTestMethods(TestMethodWorker.java:146)
at org.testng.internal.TestMethodWorker.run(TestMethodWorker.java:128)
at java.util.ArrayList.forEach(ArrayList.java:1257)
at org.testng.TestRunner.privateRun(TestRunner.java:794)
at org.testng.TestRunner.run(TestRunner.java:596)
at org.testng.SuiteRunner.runTest(SuiteRunner.java:377)
at org.testng.SuiteRunner.runSequentially(SuiteRunner.java:371)
at org.testng.SuiteRunner.privateRun(SuiteRunner.java:332)
at org.testng.SuiteRunner.run(SuiteRunner.java:276)
at org.testng.SuiteRunnerWorker.runSuite(SuiteRunnerWorker.java:53)
at org.testng.SuiteRunnerWorker.run(SuiteRunnerWorker.java:96)
at org.testng.TestNG.runSuitesSequentially(TestNG.java:1212)
at org.testng.TestNG.runSuitesLocally(TestNG.java:1134)
at org.testng.TestNG.runSuites(TestNG.java:1063)
at org.testng.TestNG.run(TestNG.java:1031)
at com.intellij.rt.testng.IDEARemoteTestNG.run(IDEARemoteTestNG.java:66)
at com.intellij.rt.testng.RemoteTestNGStarter.main(RemoteTestNGStarter.java:109)
]]>
    </error>
  </testcase> <!-- checkBlutoth -->
  <system-out/>
</testsuite> <!-- testcases.TC05_CheckBlutoth -->
