<?xml version="1.0" encoding="UTF-8"?>
<!-- Generated by org.testng.reporters.JUnitReportReporter -->
<testsuite skipped="0" hostname="DESKTOP-O0R880F" name="testcases.TC03_CheckWIFI" tests="1" failures="0" timestamp="2023-02-25T19:17:08 AST" time="5.395" errors="0">
  <testcase name="checkWIFI" time="5.395" classname="testcases.TC03_CheckWIFI"/>
  <system-out/>
</testsuite> <!-- testcases.TC03_CheckWIFI -->
